[debug] [2023-04-21T09:09:57.901Z] ----------------------------------------------------------------------
[debug] [2023-04-21T09:09:57.902Z] Command:       /usr/local/bin/node /usr/local/bin/firebase deploy
[debug] [2023-04-21T09:09:57.902Z] CLI Version:   11.27.0
[debug] [2023-04-21T09:09:57.902Z] Platform:      darwin
[debug] [2023-04-21T09:09:57.902Z] Node Version:  v18.15.0
[debug] [2023-04-21T09:09:57.905Z] Time:          Fri Apr 21 2023 10:09:57 GMT+0100 (Western European Summer Time)
[debug] [2023-04-21T09:09:57.905Z] ----------------------------------------------------------------------
[debug] 
[debug] [2023-04-21T09:09:57.906Z] >>> [apiv2][query] GET https://firebase-public.firebaseio.com/cli.json [none]
[debug] [2023-04-21T09:09:57.952Z] > command requires scopes: ["email","openid","https://www.googleapis.com/auth/cloudplatformprojects.readonly","https://www.googleapis.com/auth/firebase","https://www.googleapis.com/auth/cloud-platform"]
[debug] [2023-04-21T09:09:57.952Z] > authorizing via signed-in user (anapaulalopes12@gmail.com)
[debug] [2023-04-21T09:09:57.952Z] [iam] checking project apldeveloper-fbe4c for permissions ["firebase.projects.get","firebasehosting.sites.update"]
[debug] [2023-04-21T09:09:57.953Z] > refreshing access token with scopes: []
[debug] [2023-04-21T09:09:57.953Z] >>> [apiv2][query] POST https://www.googleapis.com/oauth2/v3/token [none]
[debug] [2023-04-21T09:09:57.953Z] >>> [apiv2][body] POST https://www.googleapis.com/oauth2/v3/token [omitted]
[debug] [2023-04-21T09:09:59.241Z] <<< [apiv2][status] POST https://www.googleapis.com/oauth2/v3/token 200
[debug] [2023-04-21T09:09:59.241Z] <<< [apiv2][body] POST https://www.googleapis.com/oauth2/v3/token [omitted]
[debug] [2023-04-21T09:09:59.253Z] >>> [apiv2][query] POST https://cloudresourcemanager.googleapis.com/v1/projects/apldeveloper-fbe4c:testIamPermissions [none]
[debug] [2023-04-21T09:09:59.254Z] >>> [apiv2][(partial)header] POST https://cloudresourcemanager.googleapis.com/v1/projects/apldeveloper-fbe4c:testIamPermissions x-goog-quota-user=projects/apldeveloper-fbe4c
[debug] [2023-04-21T09:09:59.254Z] >>> [apiv2][body] POST https://cloudresourcemanager.googleapis.com/v1/projects/apldeveloper-fbe4c:testIamPermissions {"permissions":["firebase.projects.get","firebasehosting.sites.update"]}
[debug] [2023-04-21T09:09:59.954Z] <<< [apiv2][status] GET https://firebase-public.firebaseio.com/cli.json 200
[debug] [2023-04-21T09:09:59.955Z] <<< [apiv2][body] GET https://firebase-public.firebaseio.com/cli.json {"cloudBuildErrorAfter":1594252800000,"cloudBuildWarnAfter":1590019200000,"defaultNode10After":1594252800000,"minVersion":"3.0.5","node8DeploysDisabledAfter":1613390400000,"node8RuntimeDisabledAfter":1615809600000,"node8WarnAfter":1600128000000}
[debug] [2023-04-21T09:10:00.045Z] <<< [apiv2][status] POST https://cloudresourcemanager.googleapis.com/v1/projects/apldeveloper-fbe4c:testIamPermissions 200
[debug] [2023-04-21T09:10:00.045Z] <<< [apiv2][body] POST https://cloudresourcemanager.googleapis.com/v1/projects/apldeveloper-fbe4c:testIamPermissions {"permissions":["firebase.projects.get","firebasehosting.sites.update"]}
[debug] [2023-04-21T09:10:00.047Z] >>> [apiv2][query] GET https://firebase.googleapis.com/v1beta1/projects/apldeveloper-fbe4c [none]
[debug] [2023-04-21T09:10:00.571Z] <<< [apiv2][status] GET https://firebase.googleapis.com/v1beta1/projects/apldeveloper-fbe4c 200
[debug] [2023-04-21T09:10:00.571Z] <<< [apiv2][body] GET https://firebase.googleapis.com/v1beta1/projects/apldeveloper-fbe4c {"projectId":"apldeveloper-fbe4c","projectNumber":"47021590101","displayName":"apldeveloper","name":"projects/apldeveloper-fbe4c","resources":{"hostingSite":"apldeveloper-fbe4c"},"state":"ACTIVE","etag":"1_25073d44-fcb1-4401-8638-586a7247d949"}
[debug] [2023-04-21T09:10:01.978Z] >>> [apiv2][query] GET https://firebasehosting.googleapis.com/v1beta1/projects/apldeveloper-fbe4c/sites pageToken=&pageSize=10
[debug] [2023-04-21T09:10:03.067Z] <<< [apiv2][status] GET https://firebasehosting.googleapis.com/v1beta1/projects/apldeveloper-fbe4c/sites 200
[debug] [2023-04-21T09:10:03.067Z] <<< [apiv2][body] GET https://firebasehosting.googleapis.com/v1beta1/projects/apldeveloper-fbe4c/sites {"sites":[{"name":"projects/apldeveloper-fbe4c/sites/apldeveloper-fbe4c","defaultUrl":"https://apldeveloper-fbe4c.web.app","appId":"1:47021590101:web:6672d65e2e59859c5af6dc","type":"DEFAULT_SITE"}]}
[debug] [2023-04-21T09:10:03.068Z] >>> [apiv2][query] GET https://firebase.googleapis.com/v1beta1/projects/-/webApps/1:47021590101:web:6672d65e2e59859c5af6dc/config [none]
[debug] [2023-04-21T09:10:04.161Z] <<< [apiv2][status] GET https://firebase.googleapis.com/v1beta1/projects/-/webApps/1:47021590101:web:6672d65e2e59859c5af6dc/config 200
[debug] [2023-04-21T09:10:04.161Z] <<< [apiv2][body] GET https://firebase.googleapis.com/v1beta1/projects/-/webApps/1:47021590101:web:6672d65e2e59859c5af6dc/config {"projectId":"apldeveloper-fbe4c","appId":"1:47021590101:web:6672d65e2e59859c5af6dc","storageBucket":"apldeveloper-fbe4c.appspot.com","apiKey":"AIzaSyCf0hR0yXiRR9zdzZZ7v3-b7wiQkZgYtw4","authDomain":"apldeveloper-fbe4c.firebaseapp.com","messagingSenderId":"47021590101","measurementId":"G-5Z3YG6NND4"}
[debug] [2023-04-21T09:10:21.189Z] Error
    at scheduleTarget (/usr/local/lib/node_modules/firebase-tools/lib/frameworks/angular/index.js:51:19)
    at async build (/usr/local/lib/node_modules/firebase-tools/lib/frameworks/angular/index.js:64:9)
    at async prepareFrameworks (/usr/local/lib/node_modules/firebase-tools/lib/frameworks/index.js:279:108)
    at async deploy (/usr/local/lib/node_modules/firebase-tools/lib/deploy/index.js:53:13)
[error] 
[error] Error: An unexpected error has occurred.
[debug] [2023-04-21T09:10:24.246Z] ----------------------------------------------------------------------
[debug] [2023-04-21T09:10:24.247Z] Command:       /usr/local/bin/node /usr/local/bin/firebase deploy
[debug] [2023-04-21T09:10:24.247Z] CLI Version:   11.27.0
[debug] [2023-04-21T09:10:24.247Z] Platform:      darwin
[debug] [2023-04-21T09:10:24.247Z] Node Version:  v18.15.0
[debug] [2023-04-21T09:10:24.248Z] Time:          Fri Apr 21 2023 10:10:24 GMT+0100 (Western European Summer Time)
[debug] [2023-04-21T09:10:24.248Z] ----------------------------------------------------------------------
[debug] 
[debug] [2023-04-21T09:10:24.278Z] > command requires scopes: ["email","openid","https://www.googleapis.com/auth/cloudplatformprojects.readonly","https://www.googleapis.com/auth/firebase","https://www.googleapis.com/auth/cloud-platform"]
[debug] [2023-04-21T09:10:24.278Z] > authorizing via signed-in user (anapaulalopes12@gmail.com)
[debug] [2023-04-21T09:10:24.278Z] [iam] checking project apldeveloper-fbe4c for permissions ["firebase.projects.get","firebasehosting.sites.update"]
[debug] [2023-04-21T09:10:24.279Z] >>> [apiv2][query] POST https://cloudresourcemanager.googleapis.com/v1/projects/apldeveloper-fbe4c:testIamPermissions [none]
[debug] [2023-04-21T09:10:24.279Z] >>> [apiv2][(partial)header] POST https://cloudresourcemanager.googleapis.com/v1/projects/apldeveloper-fbe4c:testIamPermissions x-goog-quota-user=projects/apldeveloper-fbe4c
[debug] [2023-04-21T09:10:24.279Z] >>> [apiv2][body] POST https://cloudresourcemanager.googleapis.com/v1/projects/apldeveloper-fbe4c:testIamPermissions {"permissions":["firebase.projects.get","firebasehosting.sites.update"]}
[debug] [2023-04-21T09:10:24.973Z] <<< [apiv2][status] POST https://cloudresourcemanager.googleapis.com/v1/projects/apldeveloper-fbe4c:testIamPermissions 200
[debug] [2023-04-21T09:10:24.973Z] <<< [apiv2][body] POST https://cloudresourcemanager.googleapis.com/v1/projects/apldeveloper-fbe4c:testIamPermissions {"permissions":["firebase.projects.get","firebasehosting.sites.update"]}
[debug] [2023-04-21T09:10:24.975Z] >>> [apiv2][query] GET https://firebase.googleapis.com/v1beta1/projects/apldeveloper-fbe4c [none]
[debug] [2023-04-21T09:10:25.261Z] <<< [apiv2][status] GET https://firebase.googleapis.com/v1beta1/projects/apldeveloper-fbe4c 200
[debug] [2023-04-21T09:10:25.261Z] <<< [apiv2][body] GET https://firebase.googleapis.com/v1beta1/projects/apldeveloper-fbe4c {"projectId":"apldeveloper-fbe4c","projectNumber":"47021590101","displayName":"apldeveloper","name":"projects/apldeveloper-fbe4c","resources":{"hostingSite":"apldeveloper-fbe4c"},"state":"ACTIVE","etag":"1_25073d44-fcb1-4401-8638-586a7247d949"}
[debug] [2023-04-21T09:10:26.531Z] >>> [apiv2][query] GET https://firebasehosting.googleapis.com/v1beta1/projects/apldeveloper-fbe4c/sites pageToken=&pageSize=10
[debug] [2023-04-21T09:10:27.420Z] <<< [apiv2][status] GET https://firebasehosting.googleapis.com/v1beta1/projects/apldeveloper-fbe4c/sites 200
[debug] [2023-04-21T09:10:27.420Z] <<< [apiv2][body] GET https://firebasehosting.googleapis.com/v1beta1/projects/apldeveloper-fbe4c/sites {"sites":[{"name":"projects/apldeveloper-fbe4c/sites/apldeveloper-fbe4c","defaultUrl":"https://apldeveloper-fbe4c.web.app","appId":"1:47021590101:web:6672d65e2e59859c5af6dc","type":"DEFAULT_SITE"}]}
[debug] [2023-04-21T09:10:27.421Z] >>> [apiv2][query] GET https://firebase.googleapis.com/v1beta1/projects/-/webApps/1:47021590101:web:6672d65e2e59859c5af6dc/config [none]
[debug] [2023-04-21T09:10:28.403Z] <<< [apiv2][status] GET https://firebase.googleapis.com/v1beta1/projects/-/webApps/1:47021590101:web:6672d65e2e59859c5af6dc/config 200
[debug] [2023-04-21T09:10:28.404Z] <<< [apiv2][body] GET https://firebase.googleapis.com/v1beta1/projects/-/webApps/1:47021590101:web:6672d65e2e59859c5af6dc/config {"projectId":"apldeveloper-fbe4c","appId":"1:47021590101:web:6672d65e2e59859c5af6dc","storageBucket":"apldeveloper-fbe4c.appspot.com","apiKey":"AIzaSyCf0hR0yXiRR9zdzZZ7v3-b7wiQkZgYtw4","authDomain":"apldeveloper-fbe4c.firebaseapp.com","messagingSenderId":"47021590101","measurementId":"G-5Z3YG6NND4"}
[debug] [2023-04-21T09:10:39.580Z] Error
    at scheduleTarget (/usr/local/lib/node_modules/firebase-tools/lib/frameworks/angular/index.js:51:19)
    at async build (/usr/local/lib/node_modules/firebase-tools/lib/frameworks/angular/index.js:64:9)
    at async prepareFrameworks (/usr/local/lib/node_modules/firebase-tools/lib/frameworks/index.js:279:108)
    at async deploy (/usr/local/lib/node_modules/firebase-tools/lib/deploy/index.js:53:13)
[error] 
[error] Error: An unexpected error has occurred.
[debug] [2023-04-21T09:12:06.860Z] ----------------------------------------------------------------------
[debug] [2023-04-21T09:12:06.861Z] Command:       /usr/local/bin/node /usr/local/bin/firebase deploy
[debug] [2023-04-21T09:12:06.861Z] CLI Version:   11.28.0
[debug] [2023-04-21T09:12:06.861Z] Platform:      darwin
[debug] [2023-04-21T09:12:06.861Z] Node Version:  v18.15.0
[debug] [2023-04-21T09:12:06.862Z] Time:          Fri Apr 21 2023 10:12:06 GMT+0100 (Western European Summer Time)
[debug] [2023-04-21T09:12:06.862Z] ----------------------------------------------------------------------
[debug] 
[debug] [2023-04-21T09:12:06.891Z] > command requires scopes: ["email","openid","https://www.googleapis.com/auth/cloudplatformprojects.readonly","https://www.googleapis.com/auth/firebase","https://www.googleapis.com/auth/cloud-platform"]
[debug] [2023-04-21T09:12:06.891Z] > authorizing via signed-in user (anapaulalopes12@gmail.com)
[debug] [2023-04-21T09:12:06.891Z] [iam] checking project apldeveloper-fbe4c for permissions ["firebase.projects.get","firebasehosting.sites.update"]
[debug] [2023-04-21T09:12:06.892Z] >>> [apiv2][query] POST https://cloudresourcemanager.googleapis.com/v1/projects/apldeveloper-fbe4c:testIamPermissions [none]
[debug] [2023-04-21T09:12:06.892Z] >>> [apiv2][(partial)header] POST https://cloudresourcemanager.googleapis.com/v1/projects/apldeveloper-fbe4c:testIamPermissions x-goog-quota-user=projects/apldeveloper-fbe4c
[debug] [2023-04-21T09:12:06.892Z] >>> [apiv2][body] POST https://cloudresourcemanager.googleapis.com/v1/projects/apldeveloper-fbe4c:testIamPermissions {"permissions":["firebase.projects.get","firebasehosting.sites.update"]}
[debug] [2023-04-21T09:12:07.675Z] <<< [apiv2][status] POST https://cloudresourcemanager.googleapis.com/v1/projects/apldeveloper-fbe4c:testIamPermissions 200
[debug] [2023-04-21T09:12:07.676Z] <<< [apiv2][body] POST https://cloudresourcemanager.googleapis.com/v1/projects/apldeveloper-fbe4c:testIamPermissions {"permissions":["firebase.projects.get","firebasehosting.sites.update"]}
[debug] [2023-04-21T09:12:07.677Z] >>> [apiv2][query] GET https://firebase.googleapis.com/v1beta1/projects/apldeveloper-fbe4c [none]
[debug] [2023-04-21T09:12:08.485Z] <<< [apiv2][status] GET https://firebase.googleapis.com/v1beta1/projects/apldeveloper-fbe4c 200
[debug] [2023-04-21T09:12:08.486Z] <<< [apiv2][body] GET https://firebase.googleapis.com/v1beta1/projects/apldeveloper-fbe4c {"projectId":"apldeveloper-fbe4c","projectNumber":"47021590101","displayName":"apldeveloper","name":"projects/apldeveloper-fbe4c","resources":{"hostingSite":"apldeveloper-fbe4c"},"state":"ACTIVE","etag":"1_25073d44-fcb1-4401-8638-586a7247d949"}
[debug] [2023-04-21T09:12:09.753Z] >>> [apiv2][query] GET https://firebasehosting.googleapis.com/v1beta1/projects/apldeveloper-fbe4c/sites pageToken=&pageSize=10
[debug] [2023-04-21T09:12:10.615Z] <<< [apiv2][status] GET https://firebasehosting.googleapis.com/v1beta1/projects/apldeveloper-fbe4c/sites 200
[debug] [2023-04-21T09:12:10.615Z] <<< [apiv2][body] GET https://firebasehosting.googleapis.com/v1beta1/projects/apldeveloper-fbe4c/sites {"sites":[{"name":"projects/apldeveloper-fbe4c/sites/apldeveloper-fbe4c","defaultUrl":"https://apldeveloper-fbe4c.web.app","appId":"1:47021590101:web:6672d65e2e59859c5af6dc","type":"DEFAULT_SITE"}]}
[debug] [2023-04-21T09:12:10.616Z] >>> [apiv2][query] GET https://firebase.googleapis.com/v1beta1/projects/-/webApps/1:47021590101:web:6672d65e2e59859c5af6dc/config [none]
[debug] [2023-04-21T09:12:11.578Z] <<< [apiv2][status] GET https://firebase.googleapis.com/v1beta1/projects/-/webApps/1:47021590101:web:6672d65e2e59859c5af6dc/config 200
[debug] [2023-04-21T09:12:11.578Z] <<< [apiv2][body] GET https://firebase.googleapis.com/v1beta1/projects/-/webApps/1:47021590101:web:6672d65e2e59859c5af6dc/config {"projectId":"apldeveloper-fbe4c","appId":"1:47021590101:web:6672d65e2e59859c5af6dc","storageBucket":"apldeveloper-fbe4c.appspot.com","apiKey":"AIzaSyCf0hR0yXiRR9zdzZZ7v3-b7wiQkZgYtw4","authDomain":"apldeveloper-fbe4c.firebaseapp.com","messagingSenderId":"47021590101","measurementId":"G-5Z3YG6NND4"}
[debug] [2023-04-21T09:12:22.237Z] Error
    at scheduleTarget (/usr/local/lib/node_modules/firebase-tools/lib/frameworks/angular/index.js:51:19)
    at async build (/usr/local/lib/node_modules/firebase-tools/lib/frameworks/angular/index.js:64:9)
    at async prepareFrameworks (/usr/local/lib/node_modules/firebase-tools/lib/frameworks/index.js:279:108)
    at async deploy (/usr/local/lib/node_modules/firebase-tools/lib/deploy/index.js:53:13)
[error] 
[error] Error: An unexpected error has occurred.
[debug] [2023-04-21T09:14:18.859Z] ----------------------------------------------------------------------
[debug] [2023-04-21T09:14:18.860Z] Command:       /usr/local/bin/node /usr/local/bin/firebase deploy
[debug] [2023-04-21T09:14:18.860Z] CLI Version:   11.28.0
[debug] [2023-04-21T09:14:18.860Z] Platform:      darwin
[debug] [2023-04-21T09:14:18.860Z] Node Version:  v18.15.0
[debug] [2023-04-21T09:14:18.861Z] Time:          Fri Apr 21 2023 10:14:18 GMT+0100 (Western European Summer Time)
[debug] [2023-04-21T09:14:18.861Z] ----------------------------------------------------------------------
[debug] 
[debug] [2023-04-21T09:14:18.890Z] > command requires scopes: ["email","openid","https://www.googleapis.com/auth/cloudplatformprojects.readonly","https://www.googleapis.com/auth/firebase","https://www.googleapis.com/auth/cloud-platform"]
[debug] [2023-04-21T09:14:18.890Z] > authorizing via signed-in user (anapaulalopes12@gmail.com)
[debug] [2023-04-21T09:14:18.891Z] [iam] checking project apldeveloper-fbe4c for permissions ["firebase.projects.get","firebasehosting.sites.update"]
[debug] [2023-04-21T09:14:18.891Z] >>> [apiv2][query] POST https://cloudresourcemanager.googleapis.com/v1/projects/apldeveloper-fbe4c:testIamPermissions [none]
[debug] [2023-04-21T09:14:18.891Z] >>> [apiv2][(partial)header] POST https://cloudresourcemanager.googleapis.com/v1/projects/apldeveloper-fbe4c:testIamPermissions x-goog-quota-user=projects/apldeveloper-fbe4c
[debug] [2023-04-21T09:14:18.891Z] >>> [apiv2][body] POST https://cloudresourcemanager.googleapis.com/v1/projects/apldeveloper-fbe4c:testIamPermissions {"permissions":["firebase.projects.get","firebasehosting.sites.update"]}
[debug] [2023-04-21T09:14:19.589Z] <<< [apiv2][status] POST https://cloudresourcemanager.googleapis.com/v1/projects/apldeveloper-fbe4c:testIamPermissions 200
[debug] [2023-04-21T09:14:19.589Z] <<< [apiv2][body] POST https://cloudresourcemanager.googleapis.com/v1/projects/apldeveloper-fbe4c:testIamPermissions {"permissions":["firebase.projects.get","firebasehosting.sites.update"]}
[debug] [2023-04-21T09:14:19.590Z] >>> [apiv2][query] GET https://firebase.googleapis.com/v1beta1/projects/apldeveloper-fbe4c [none]
[debug] [2023-04-21T09:14:19.875Z] <<< [apiv2][status] GET https://firebase.googleapis.com/v1beta1/projects/apldeveloper-fbe4c 200
[debug] [2023-04-21T09:14:19.876Z] <<< [apiv2][body] GET https://firebase.googleapis.com/v1beta1/projects/apldeveloper-fbe4c {"projectId":"apldeveloper-fbe4c","projectNumber":"47021590101","displayName":"apldeveloper","name":"projects/apldeveloper-fbe4c","resources":{"hostingSite":"apldeveloper-fbe4c"},"state":"ACTIVE","etag":"1_25073d44-fcb1-4401-8638-586a7247d949"}
[debug] [2023-04-21T09:14:21.150Z] >>> [apiv2][query] GET https://firebasehosting.googleapis.com/v1beta1/projects/apldeveloper-fbe4c/sites pageToken=&pageSize=10
[debug] [2023-04-21T09:14:22.038Z] <<< [apiv2][status] GET https://firebasehosting.googleapis.com/v1beta1/projects/apldeveloper-fbe4c/sites 200
[debug] [2023-04-21T09:14:22.038Z] <<< [apiv2][body] GET https://firebasehosting.googleapis.com/v1beta1/projects/apldeveloper-fbe4c/sites {"sites":[{"name":"projects/apldeveloper-fbe4c/sites/apldeveloper-fbe4c","defaultUrl":"https://apldeveloper-fbe4c.web.app","appId":"1:47021590101:web:6672d65e2e59859c5af6dc","type":"DEFAULT_SITE"}]}
[debug] [2023-04-21T09:14:22.039Z] >>> [apiv2][query] GET https://firebase.googleapis.com/v1beta1/projects/-/webApps/1:47021590101:web:6672d65e2e59859c5af6dc/config [none]
[debug] [2023-04-21T09:14:22.868Z] <<< [apiv2][status] GET https://firebase.googleapis.com/v1beta1/projects/-/webApps/1:47021590101:web:6672d65e2e59859c5af6dc/config 200
[debug] [2023-04-21T09:14:22.868Z] <<< [apiv2][body] GET https://firebase.googleapis.com/v1beta1/projects/-/webApps/1:47021590101:web:6672d65e2e59859c5af6dc/config {"projectId":"apldeveloper-fbe4c","appId":"1:47021590101:web:6672d65e2e59859c5af6dc","storageBucket":"apldeveloper-fbe4c.appspot.com","apiKey":"AIzaSyCf0hR0yXiRR9zdzZZ7v3-b7wiQkZgYtw4","authDomain":"apldeveloper-fbe4c.firebaseapp.com","messagingSenderId":"47021590101","measurementId":"G-5Z3YG6NND4"}
[debug] [2023-04-21T09:14:33.472Z] Error
    at scheduleTarget (/usr/local/lib/node_modules/firebase-tools/lib/frameworks/angular/index.js:51:19)
    at async build (/usr/local/lib/node_modules/firebase-tools/lib/frameworks/angular/index.js:64:9)
    at async prepareFrameworks (/usr/local/lib/node_modules/firebase-tools/lib/frameworks/index.js:279:108)
    at async deploy (/usr/local/lib/node_modules/firebase-tools/lib/deploy/index.js:53:13)
[error] 
[error] Error: An unexpected error has occurred.
[debug] [2023-04-21T09:15:05.936Z] ----------------------------------------------------------------------
[debug] [2023-04-21T09:15:05.937Z] Command:       /usr/local/bin/node /usr/local/bin/firebase deploy
[debug] [2023-04-21T09:15:05.937Z] CLI Version:   11.28.0
[debug] [2023-04-21T09:15:05.937Z] Platform:      darwin
[debug] [2023-04-21T09:15:05.937Z] Node Version:  v18.15.0
[debug] [2023-04-21T09:15:05.938Z] Time:          Fri Apr 21 2023 10:15:05 GMT+0100 (Western European Summer Time)
[debug] [2023-04-21T09:15:05.938Z] ----------------------------------------------------------------------
[debug] 
[debug] [2023-04-21T09:15:05.967Z] > command requires scopes: ["email","openid","https://www.googleapis.com/auth/cloudplatformprojects.readonly","https://www.googleapis.com/auth/firebase","https://www.googleapis.com/auth/cloud-platform"]
[debug] [2023-04-21T09:15:05.967Z] > authorizing via signed-in user (anapaulalopes12@gmail.com)
[debug] [2023-04-21T09:15:05.967Z] [iam] checking project apldeveloper-fbe4c for permissions ["firebase.projects.get","firebasehosting.sites.update"]
[debug] [2023-04-21T09:15:05.968Z] >>> [apiv2][query] POST https://cloudresourcemanager.googleapis.com/v1/projects/apldeveloper-fbe4c:testIamPermissions [none]
[debug] [2023-04-21T09:15:05.968Z] >>> [apiv2][(partial)header] POST https://cloudresourcemanager.googleapis.com/v1/projects/apldeveloper-fbe4c:testIamPermissions x-goog-quota-user=projects/apldeveloper-fbe4c
[debug] [2023-04-21T09:15:05.968Z] >>> [apiv2][body] POST https://cloudresourcemanager.googleapis.com/v1/projects/apldeveloper-fbe4c:testIamPermissions {"permissions":["firebase.projects.get","firebasehosting.sites.update"]}
[debug] [2023-04-21T09:15:06.629Z] <<< [apiv2][status] POST https://cloudresourcemanager.googleapis.com/v1/projects/apldeveloper-fbe4c:testIamPermissions 200
[debug] [2023-04-21T09:15:06.629Z] <<< [apiv2][body] POST https://cloudresourcemanager.googleapis.com/v1/projects/apldeveloper-fbe4c:testIamPermissions {"permissions":["firebase.projects.get","firebasehosting.sites.update"]}
[debug] [2023-04-21T09:15:06.629Z] >>> [apiv2][query] GET https://firebase.googleapis.com/v1beta1/projects/apldeveloper-fbe4c [none]
[debug] [2023-04-21T09:15:06.925Z] <<< [apiv2][status] GET https://firebase.googleapis.com/v1beta1/projects/apldeveloper-fbe4c 200
[debug] [2023-04-21T09:15:06.925Z] <<< [apiv2][body] GET https://firebase.googleapis.com/v1beta1/projects/apldeveloper-fbe4c {"projectId":"apldeveloper-fbe4c","projectNumber":"47021590101","displayName":"apldeveloper","name":"projects/apldeveloper-fbe4c","resources":{"hostingSite":"apldeveloper-fbe4c"},"state":"ACTIVE","etag":"1_f9dd5749-26e8-4cb5-8f30-4e0d99558e74"}
[debug] [2023-04-21T09:15:08.192Z] >>> [apiv2][query] GET https://firebasehosting.googleapis.com/v1beta1/projects/apldeveloper-fbe4c/sites pageToken=&pageSize=10
[debug] [2023-04-21T09:15:09.049Z] <<< [apiv2][status] GET https://firebasehosting.googleapis.com/v1beta1/projects/apldeveloper-fbe4c/sites 200
[debug] [2023-04-21T09:15:09.050Z] <<< [apiv2][body] GET https://firebasehosting.googleapis.com/v1beta1/projects/apldeveloper-fbe4c/sites {"sites":[{"name":"projects/apldeveloper-fbe4c/sites/apldeveloper-fbe4c","defaultUrl":"https://apldeveloper-fbe4c.web.app","appId":"1:47021590101:web:6672d65e2e59859c5af6dc","type":"DEFAULT_SITE"}]}
[debug] [2023-04-21T09:15:09.050Z] >>> [apiv2][query] GET https://firebase.googleapis.com/v1beta1/projects/-/webApps/1:47021590101:web:6672d65e2e59859c5af6dc/config [none]
[debug] [2023-04-21T09:15:10.140Z] <<< [apiv2][status] GET https://firebase.googleapis.com/v1beta1/projects/-/webApps/1:47021590101:web:6672d65e2e59859c5af6dc/config 200
[debug] [2023-04-21T09:15:10.141Z] <<< [apiv2][body] GET https://firebase.googleapis.com/v1beta1/projects/-/webApps/1:47021590101:web:6672d65e2e59859c5af6dc/config {"projectId":"apldeveloper-fbe4c","appId":"1:47021590101:web:6672d65e2e59859c5af6dc","storageBucket":"apldeveloper-fbe4c.appspot.com","apiKey":"AIzaSyCf0hR0yXiRR9zdzZZ7v3-b7wiQkZgYtw4","authDomain":"apldeveloper-fbe4c.firebaseapp.com","messagingSenderId":"47021590101","measurementId":"G-5Z3YG6NND4"}
[debug] [2023-04-21T09:15:20.768Z] Error
    at scheduleTarget (/usr/local/lib/node_modules/firebase-tools/lib/frameworks/angular/index.js:51:19)
    at async build (/usr/local/lib/node_modules/firebase-tools/lib/frameworks/angular/index.js:64:9)
    at async prepareFrameworks (/usr/local/lib/node_modules/firebase-tools/lib/frameworks/index.js:279:108)
    at async deploy (/usr/local/lib/node_modules/firebase-tools/lib/deploy/index.js:53:13)
[error] 
[error] Error: An unexpected error has occurred.
[debug] [2023-04-21T09:17:15.829Z] ----------------------------------------------------------------------
[debug] [2023-04-21T09:17:15.829Z] Command:       /usr/local/bin/node /usr/local/bin/firebase deploy
[debug] [2023-04-21T09:17:15.830Z] CLI Version:   11.28.0
[debug] [2023-04-21T09:17:15.830Z] Platform:      darwin
[debug] [2023-04-21T09:17:15.830Z] Node Version:  v18.15.0
[debug] [2023-04-21T09:17:15.830Z] Time:          Fri Apr 21 2023 10:17:15 GMT+0100 (Western European Summer Time)
[debug] [2023-04-21T09:17:15.830Z] ----------------------------------------------------------------------
[debug] 
[debug] [2023-04-21T09:17:15.861Z] > command requires scopes: ["email","openid","https://www.googleapis.com/auth/cloudplatformprojects.readonly","https://www.googleapis.com/auth/firebase","https://www.googleapis.com/auth/cloud-platform"]
[debug] [2023-04-21T09:17:15.861Z] > authorizing via signed-in user (anapaulalopes12@gmail.com)
[debug] [2023-04-21T09:17:15.861Z] [iam] checking project apldeveloper-fbe4c for permissions ["firebase.projects.get","firebasehosting.sites.update"]
[debug] [2023-04-21T09:17:15.862Z] >>> [apiv2][query] POST https://cloudresourcemanager.googleapis.com/v1/projects/apldeveloper-fbe4c:testIamPermissions [none]
[debug] [2023-04-21T09:17:15.862Z] >>> [apiv2][(partial)header] POST https://cloudresourcemanager.googleapis.com/v1/projects/apldeveloper-fbe4c:testIamPermissions x-goog-quota-user=projects/apldeveloper-fbe4c
[debug] [2023-04-21T09:17:15.862Z] >>> [apiv2][body] POST https://cloudresourcemanager.googleapis.com/v1/projects/apldeveloper-fbe4c:testIamPermissions {"permissions":["firebase.projects.get","firebasehosting.sites.update"]}
[debug] [2023-04-21T09:17:16.627Z] <<< [apiv2][status] POST https://cloudresourcemanager.googleapis.com/v1/projects/apldeveloper-fbe4c:testIamPermissions 200
[debug] [2023-04-21T09:17:16.628Z] <<< [apiv2][body] POST https://cloudresourcemanager.googleapis.com/v1/projects/apldeveloper-fbe4c:testIamPermissions {"permissions":["firebase.projects.get","firebasehosting.sites.update"]}
[debug] [2023-04-21T09:17:16.629Z] >>> [apiv2][query] GET https://firebase.googleapis.com/v1beta1/projects/apldeveloper-fbe4c [none]
[debug] [2023-04-21T09:17:16.920Z] <<< [apiv2][status] GET https://firebase.googleapis.com/v1beta1/projects/apldeveloper-fbe4c 200
[debug] [2023-04-21T09:17:16.920Z] <<< [apiv2][body] GET https://firebase.googleapis.com/v1beta1/projects/apldeveloper-fbe4c {"projectId":"apldeveloper-fbe4c","projectNumber":"47021590101","displayName":"apldeveloper","name":"projects/apldeveloper-fbe4c","resources":{"hostingSite":"apldeveloper-fbe4c"},"state":"ACTIVE","etag":"1_f9dd5749-26e8-4cb5-8f30-4e0d99558e74"}
[debug] [2023-04-21T09:17:18.191Z] >>> [apiv2][query] GET https://firebasehosting.googleapis.com/v1beta1/projects/apldeveloper-fbe4c/sites pageToken=&pageSize=10
[debug] [2023-04-21T09:17:19.139Z] <<< [apiv2][status] GET https://firebasehosting.googleapis.com/v1beta1/projects/apldeveloper-fbe4c/sites 200
[debug] [2023-04-21T09:17:19.139Z] <<< [apiv2][body] GET https://firebasehosting.googleapis.com/v1beta1/projects/apldeveloper-fbe4c/sites {"sites":[{"name":"projects/apldeveloper-fbe4c/sites/apldeveloper-fbe4c","defaultUrl":"https://apldeveloper-fbe4c.web.app","appId":"1:47021590101:web:6672d65e2e59859c5af6dc","type":"DEFAULT_SITE"}]}
[debug] [2023-04-21T09:17:19.140Z] >>> [apiv2][query] GET https://firebase.googleapis.com/v1beta1/projects/-/webApps/1:47021590101:web:6672d65e2e59859c5af6dc/config [none]
[debug] [2023-04-21T09:17:20.205Z] <<< [apiv2][status] GET https://firebase.googleapis.com/v1beta1/projects/-/webApps/1:47021590101:web:6672d65e2e59859c5af6dc/config 200
[debug] [2023-04-21T09:17:20.206Z] <<< [apiv2][body] GET https://firebase.googleapis.com/v1beta1/projects/-/webApps/1:47021590101:web:6672d65e2e59859c5af6dc/config {"projectId":"apldeveloper-fbe4c","appId":"1:47021590101:web:6672d65e2e59859c5af6dc","storageBucket":"apldeveloper-fbe4c.appspot.com","apiKey":"AIzaSyCf0hR0yXiRR9zdzZZ7v3-b7wiQkZgYtw4","authDomain":"apldeveloper-fbe4c.firebaseapp.com","messagingSenderId":"47021590101","measurementId":"G-5Z3YG6NND4"}
[debug] [2023-04-21T09:17:30.818Z] Error
    at scheduleTarget (/usr/local/lib/node_modules/firebase-tools/lib/frameworks/angular/index.js:51:19)
    at async build (/usr/local/lib/node_modules/firebase-tools/lib/frameworks/angular/index.js:64:9)
    at async prepareFrameworks (/usr/local/lib/node_modules/firebase-tools/lib/frameworks/index.js:279:108)
    at async deploy (/usr/local/lib/node_modules/firebase-tools/lib/deploy/index.js:53:13)
[error] 
[error] Error: An unexpected error has occurred.
[debug] [2023-04-21T09:25:28.857Z] ----------------------------------------------------------------------
[debug] [2023-04-21T09:25:28.857Z] Command:       /usr/local/bin/node /usr/local/bin/firebase deploy
[debug] [2023-04-21T09:25:28.858Z] CLI Version:   11.28.0
[debug] [2023-04-21T09:25:28.858Z] Platform:      darwin
[debug] [2023-04-21T09:25:28.858Z] Node Version:  v18.15.0
[debug] [2023-04-21T09:25:28.861Z] Time:          Fri Apr 21 2023 10:25:28 GMT+0100 (Western European Summer Time)
[debug] [2023-04-21T09:25:28.861Z] ----------------------------------------------------------------------
[debug] 
[debug] [2023-04-21T09:25:28.891Z] > command requires scopes: ["email","openid","https://www.googleapis.com/auth/cloudplatformprojects.readonly","https://www.googleapis.com/auth/firebase","https://www.googleapis.com/auth/cloud-platform"]
[debug] [2023-04-21T09:25:28.891Z] > authorizing via signed-in user (anapaulalopes12@gmail.com)
[debug] [2023-04-21T09:25:28.891Z] [iam] checking project apldeveloper-fbe4c for permissions ["firebase.projects.get","firebasehosting.sites.update"]
[debug] [2023-04-21T09:25:28.892Z] >>> [apiv2][query] POST https://cloudresourcemanager.googleapis.com/v1/projects/apldeveloper-fbe4c:testIamPermissions [none]
[debug] [2023-04-21T09:25:28.892Z] >>> [apiv2][(partial)header] POST https://cloudresourcemanager.googleapis.com/v1/projects/apldeveloper-fbe4c:testIamPermissions x-goog-quota-user=projects/apldeveloper-fbe4c
[debug] [2023-04-21T09:25:28.892Z] >>> [apiv2][body] POST https://cloudresourcemanager.googleapis.com/v1/projects/apldeveloper-fbe4c:testIamPermissions {"permissions":["firebase.projects.get","firebasehosting.sites.update"]}
[debug] [2023-04-21T09:25:29.631Z] <<< [apiv2][status] POST https://cloudresourcemanager.googleapis.com/v1/projects/apldeveloper-fbe4c:testIamPermissions 200
[debug] [2023-04-21T09:25:29.631Z] <<< [apiv2][body] POST https://cloudresourcemanager.googleapis.com/v1/projects/apldeveloper-fbe4c:testIamPermissions {"permissions":["firebase.projects.get","firebasehosting.sites.update"]}
[debug] [2023-04-21T09:25:29.632Z] >>> [apiv2][query] GET https://firebase.googleapis.com/v1beta1/projects/apldeveloper-fbe4c [none]
[debug] [2023-04-21T09:25:29.933Z] <<< [apiv2][status] GET https://firebase.googleapis.com/v1beta1/projects/apldeveloper-fbe4c 200
[debug] [2023-04-21T09:25:29.933Z] <<< [apiv2][body] GET https://firebase.googleapis.com/v1beta1/projects/apldeveloper-fbe4c {"projectId":"apldeveloper-fbe4c","projectNumber":"47021590101","displayName":"apldeveloper","name":"projects/apldeveloper-fbe4c","resources":{"hostingSite":"apldeveloper-fbe4c"},"state":"ACTIVE","etag":"1_f9dd5749-26e8-4cb5-8f30-4e0d99558e74"}
[debug] [2023-04-21T09:25:31.341Z] >>> [apiv2][query] GET https://firebasehosting.googleapis.com/v1beta1/projects/apldeveloper-fbe4c/sites pageToken=&pageSize=10
[debug] [2023-04-21T09:25:32.297Z] <<< [apiv2][status] GET https://firebasehosting.googleapis.com/v1beta1/projects/apldeveloper-fbe4c/sites 200
[debug] [2023-04-21T09:25:32.297Z] <<< [apiv2][body] GET https://firebasehosting.googleapis.com/v1beta1/projects/apldeveloper-fbe4c/sites {"sites":[{"name":"projects/apldeveloper-fbe4c/sites/apldeveloper-fbe4c","defaultUrl":"https://apldeveloper-fbe4c.web.app","appId":"1:47021590101:web:6672d65e2e59859c5af6dc","type":"DEFAULT_SITE"}]}
[debug] [2023-04-21T09:25:32.298Z] >>> [apiv2][query] GET https://firebase.googleapis.com/v1beta1/projects/-/webApps/1:47021590101:web:6672d65e2e59859c5af6dc/config [none]
[debug] [2023-04-21T09:25:33.176Z] <<< [apiv2][status] GET https://firebase.googleapis.com/v1beta1/projects/-/webApps/1:47021590101:web:6672d65e2e59859c5af6dc/config 200
[debug] [2023-04-21T09:25:33.176Z] <<< [apiv2][body] GET https://firebase.googleapis.com/v1beta1/projects/-/webApps/1:47021590101:web:6672d65e2e59859c5af6dc/config {"projectId":"apldeveloper-fbe4c","appId":"1:47021590101:web:6672d65e2e59859c5af6dc","storageBucket":"apldeveloper-fbe4c.appspot.com","apiKey":"AIzaSyCf0hR0yXiRR9zdzZZ7v3-b7wiQkZgYtw4","authDomain":"apldeveloper-fbe4c.firebaseapp.com","messagingSenderId":"47021590101","measurementId":"G-5Z3YG6NND4"}
[debug] [2023-04-21T09:25:44.665Z] Error
    at scheduleTarget (/usr/local/lib/node_modules/firebase-tools/lib/frameworks/angular/index.js:51:19)
    at async build (/usr/local/lib/node_modules/firebase-tools/lib/frameworks/angular/index.js:64:9)
    at async prepareFrameworks (/usr/local/lib/node_modules/firebase-tools/lib/frameworks/index.js:279:108)
    at async deploy (/usr/local/lib/node_modules/firebase-tools/lib/deploy/index.js:53:13)
[error] 
[error] Error: An unexpected error has occurred.
[debug] [2023-04-21T09:30:39.593Z] ----------------------------------------------------------------------
[debug] [2023-04-21T09:30:39.594Z] Command:       /usr/local/bin/node /usr/local/bin/firebase deploy
[debug] [2023-04-21T09:30:39.594Z] CLI Version:   11.28.0
[debug] [2023-04-21T09:30:39.594Z] Platform:      darwin
[debug] [2023-04-21T09:30:39.594Z] Node Version:  v18.15.0
[debug] [2023-04-21T09:30:39.598Z] Time:          Fri Apr 21 2023 10:30:39 GMT+0100 (Western European Summer Time)
[debug] [2023-04-21T09:30:39.598Z] ----------------------------------------------------------------------
[debug] 
[debug] [2023-04-21T09:30:39.628Z] > command requires scopes: ["email","openid","https://www.googleapis.com/auth/cloudplatformprojects.readonly","https://www.googleapis.com/auth/firebase","https://www.googleapis.com/auth/cloud-platform"]
[debug] [2023-04-21T09:30:39.628Z] > authorizing via signed-in user (anapaulalopes12@gmail.com)
[debug] [2023-04-21T09:30:39.628Z] [iam] checking project apldeveloper-fbe4c for permissions ["firebase.projects.get","firebasehosting.sites.update"]
[debug] [2023-04-21T09:30:39.629Z] >>> [apiv2][query] POST https://cloudresourcemanager.googleapis.com/v1/projects/apldeveloper-fbe4c:testIamPermissions [none]
[debug] [2023-04-21T09:30:39.629Z] >>> [apiv2][(partial)header] POST https://cloudresourcemanager.googleapis.com/v1/projects/apldeveloper-fbe4c:testIamPermissions x-goog-quota-user=projects/apldeveloper-fbe4c
[debug] [2023-04-21T09:30:39.629Z] >>> [apiv2][body] POST https://cloudresourcemanager.googleapis.com/v1/projects/apldeveloper-fbe4c:testIamPermissions {"permissions":["firebase.projects.get","firebasehosting.sites.update"]}
[debug] [2023-04-21T09:30:40.571Z] <<< [apiv2][status] POST https://cloudresourcemanager.googleapis.com/v1/projects/apldeveloper-fbe4c:testIamPermissions 200
[debug] [2023-04-21T09:30:40.571Z] <<< [apiv2][body] POST https://cloudresourcemanager.googleapis.com/v1/projects/apldeveloper-fbe4c:testIamPermissions {"permissions":["firebase.projects.get","firebasehosting.sites.update"]}
[debug] [2023-04-21T09:30:40.572Z] >>> [apiv2][query] GET https://firebase.googleapis.com/v1beta1/projects/apldeveloper-fbe4c [none]
[debug] [2023-04-21T09:30:41.077Z] <<< [apiv2][status] GET https://firebase.googleapis.com/v1beta1/projects/apldeveloper-fbe4c 200
[debug] [2023-04-21T09:30:41.078Z] <<< [apiv2][body] GET https://firebase.googleapis.com/v1beta1/projects/apldeveloper-fbe4c {"projectId":"apldeveloper-fbe4c","projectNumber":"47021590101","displayName":"apldeveloper","name":"projects/apldeveloper-fbe4c","resources":{"hostingSite":"apldeveloper-fbe4c"},"state":"ACTIVE","etag":"1_f9dd5749-26e8-4cb5-8f30-4e0d99558e74"}
[debug] [2023-04-21T09:30:42.503Z] >>> [apiv2][query] GET https://firebasehosting.googleapis.com/v1beta1/projects/apldeveloper-fbe4c/sites pageToken=&pageSize=10
[debug] [2023-04-21T09:30:43.432Z] <<< [apiv2][status] GET https://firebasehosting.googleapis.com/v1beta1/projects/apldeveloper-fbe4c/sites 200
[debug] [2023-04-21T09:30:43.432Z] <<< [apiv2][body] GET https://firebasehosting.googleapis.com/v1beta1/projects/apldeveloper-fbe4c/sites {"sites":[{"name":"projects/apldeveloper-fbe4c/sites/apldeveloper-fbe4c","defaultUrl":"https://apldeveloper-fbe4c.web.app","appId":"1:47021590101:web:6672d65e2e59859c5af6dc","type":"DEFAULT_SITE"}]}
[debug] [2023-04-21T09:30:43.433Z] >>> [apiv2][query] GET https://firebase.googleapis.com/v1beta1/projects/-/webApps/1:47021590101:web:6672d65e2e59859c5af6dc/config [none]
[debug] [2023-04-21T09:30:44.454Z] <<< [apiv2][status] GET https://firebase.googleapis.com/v1beta1/projects/-/webApps/1:47021590101:web:6672d65e2e59859c5af6dc/config 200
[debug] [2023-04-21T09:30:44.455Z] <<< [apiv2][body] GET https://firebase.googleapis.com/v1beta1/projects/-/webApps/1:47021590101:web:6672d65e2e59859c5af6dc/config {"projectId":"apldeveloper-fbe4c","appId":"1:47021590101:web:6672d65e2e59859c5af6dc","storageBucket":"apldeveloper-fbe4c.appspot.com","apiKey":"AIzaSyCf0hR0yXiRR9zdzZZ7v3-b7wiQkZgYtw4","authDomain":"apldeveloper-fbe4c.firebaseapp.com","messagingSenderId":"47021590101","measurementId":"G-5Z3YG6NND4"}
[debug] [2023-04-21T09:30:55.563Z] Error
    at scheduleTarget (/usr/local/lib/node_modules/firebase-tools/lib/frameworks/angular/index.js:51:19)
    at async build (/usr/local/lib/node_modules/firebase-tools/lib/frameworks/angular/index.js:64:9)
    at async prepareFrameworks (/usr/local/lib/node_modules/firebase-tools/lib/frameworks/index.js:279:108)
    at async deploy (/usr/local/lib/node_modules/firebase-tools/lib/deploy/index.js:53:13)
[error] 
[error] Error: An unexpected error has occurred.
[debug] [2023-04-21T09:31:11.292Z] ----------------------------------------------------------------------
[debug] [2023-04-21T09:31:11.293Z] Command:       /usr/local/bin/node /usr/local/bin/firebase deploy
[debug] [2023-04-21T09:31:11.293Z] CLI Version:   11.28.0
[debug] [2023-04-21T09:31:11.293Z] Platform:      darwin
[debug] [2023-04-21T09:31:11.293Z] Node Version:  v18.15.0
[debug] [2023-04-21T09:31:11.294Z] Time:          Fri Apr 21 2023 10:31:11 GMT+0100 (Western European Summer Time)
[debug] [2023-04-21T09:31:11.294Z] ----------------------------------------------------------------------
[debug] 
[debug] [2023-04-21T09:31:11.323Z] > command requires scopes: ["email","openid","https://www.googleapis.com/auth/cloudplatformprojects.readonly","https://www.googleapis.com/auth/firebase","https://www.googleapis.com/auth/cloud-platform"]
[debug] [2023-04-21T09:31:11.323Z] > authorizing via signed-in user (anapaulalopes12@gmail.com)
[debug] [2023-04-21T09:31:11.323Z] [iam] checking project apldeveloper-fbe4c for permissions ["firebase.projects.get","firebasehosting.sites.update"]
[debug] [2023-04-21T09:31:11.324Z] >>> [apiv2][query] POST https://cloudresourcemanager.googleapis.com/v1/projects/apldeveloper-fbe4c:testIamPermissions [none]
[debug] [2023-04-21T09:31:11.324Z] >>> [apiv2][(partial)header] POST https://cloudresourcemanager.googleapis.com/v1/projects/apldeveloper-fbe4c:testIamPermissions x-goog-quota-user=projects/apldeveloper-fbe4c
[debug] [2023-04-21T09:31:11.324Z] >>> [apiv2][body] POST https://cloudresourcemanager.googleapis.com/v1/projects/apldeveloper-fbe4c:testIamPermissions {"permissions":["firebase.projects.get","firebasehosting.sites.update"]}
[debug] [2023-04-21T09:31:12.091Z] <<< [apiv2][status] POST https://cloudresourcemanager.googleapis.com/v1/projects/apldeveloper-fbe4c:testIamPermissions 200
[debug] [2023-04-21T09:31:12.092Z] <<< [apiv2][body] POST https://cloudresourcemanager.googleapis.com/v1/projects/apldeveloper-fbe4c:testIamPermissions {"permissions":["firebase.projects.get","firebasehosting.sites.update"]}
[debug] [2023-04-21T09:31:12.094Z] >>> [apiv2][query] GET https://firebase.googleapis.com/v1beta1/projects/apldeveloper-fbe4c [none]
[debug] [2023-04-21T09:31:12.434Z] <<< [apiv2][status] GET https://firebase.googleapis.com/v1beta1/projects/apldeveloper-fbe4c 200
[debug] [2023-04-21T09:31:12.434Z] <<< [apiv2][body] GET https://firebase.googleapis.com/v1beta1/projects/apldeveloper-fbe4c {"projectId":"apldeveloper-fbe4c","projectNumber":"47021590101","displayName":"apldeveloper","name":"projects/apldeveloper-fbe4c","resources":{"hostingSite":"apldeveloper-fbe4c"},"state":"ACTIVE","etag":"1_f9dd5749-26e8-4cb5-8f30-4e0d99558e74"}
[debug] [2023-04-21T09:31:13.706Z] >>> [apiv2][query] GET https://firebasehosting.googleapis.com/v1beta1/projects/apldeveloper-fbe4c/sites pageToken=&pageSize=10
[debug] [2023-04-21T09:31:14.589Z] <<< [apiv2][status] GET https://firebasehosting.googleapis.com/v1beta1/projects/apldeveloper-fbe4c/sites 200
[debug] [2023-04-21T09:31:14.589Z] <<< [apiv2][body] GET https://firebasehosting.googleapis.com/v1beta1/projects/apldeveloper-fbe4c/sites {"sites":[{"name":"projects/apldeveloper-fbe4c/sites/apldeveloper-fbe4c","defaultUrl":"https://apldeveloper-fbe4c.web.app","appId":"1:47021590101:web:6672d65e2e59859c5af6dc","type":"DEFAULT_SITE"}]}
[debug] [2023-04-21T09:31:14.590Z] >>> [apiv2][query] GET https://firebase.googleapis.com/v1beta1/projects/-/webApps/1:47021590101:web:6672d65e2e59859c5af6dc/config [none]
[debug] [2023-04-21T09:31:15.488Z] <<< [apiv2][status] GET https://firebase.googleapis.com/v1beta1/projects/-/webApps/1:47021590101:web:6672d65e2e59859c5af6dc/config 200
[debug] [2023-04-21T09:31:15.488Z] <<< [apiv2][body] GET https://firebase.googleapis.com/v1beta1/projects/-/webApps/1:47021590101:web:6672d65e2e59859c5af6dc/config {"projectId":"apldeveloper-fbe4c","appId":"1:47021590101:web:6672d65e2e59859c5af6dc","storageBucket":"apldeveloper-fbe4c.appspot.com","apiKey":"AIzaSyCf0hR0yXiRR9zdzZZ7v3-b7wiQkZgYtw4","authDomain":"apldeveloper-fbe4c.firebaseapp.com","messagingSenderId":"47021590101","measurementId":"G-5Z3YG6NND4"}
[debug] [2023-04-21T09:31:26.261Z] Error
    at scheduleTarget (/usr/local/lib/node_modules/firebase-tools/lib/frameworks/angular/index.js:51:19)
    at async build (/usr/local/lib/node_modules/firebase-tools/lib/frameworks/angular/index.js:64:9)
    at async prepareFrameworks (/usr/local/lib/node_modules/firebase-tools/lib/frameworks/index.js:279:108)
    at async deploy (/usr/local/lib/node_modules/firebase-tools/lib/deploy/index.js:53:13)
[error] 
[error] Error: An unexpected error has occurred.
